<?xml version="1.0" encoding="UTF-8"?>
<!-- Generated by org.testng.reporters.JUnitReportReporter -->
<testsuite skipped="0" hostname="zhaoyang-n" name="com.trs.hybase.test.common.TRSConnectionTest" tests="2" failures="0" timestamp="2021-04-26T08:47:40 CST" time="29.040" errors="0">
  <testcase name="executeInsert" time="15.355" classname="com.trs.hybase.test.common.TRSConnectionTest"/>
  <system-out/>
  <testcase name="executeInsert" time="13.685" classname="com.trs.hybase.test.common.TRSConnectionTest"/>
  <system-out/>
</testsuite> <!-- com.trs.hybase.test.common.TRSConnectionTest -->
